<?xml version="1.0" ?>
<topics>
<top>
  <itemId>item_1</itemId>
  <queryText>Little Britian Fat Fighters problem of gypsies in the area</queryText>
  <visualQueues>fat club comedfy</visualQueues>
</top>
<top>
  <itemId>item_2</itemId>
  <queryText>(Two pints of lager) Sandwich Maker Dirty Shirt My girlfriend is a housekeeper </queryText>
  <visualQueues>The guy with the dirty shirt In a Pub Having a Chat and making fun of his girlfriend </visualQueues>
</top>
<top>
  <itemId>item_3</itemId>
  <queryText>Children out on poetry trip  Exploration of poetry by school children  Poem writing</queryText>
  <visualQueues>House memories  Farm exploration  A poem on animal and shells  </visualQueues>
</top>
<top>
  <itemId>item_4</itemId>
  <queryText>Immigrants making it happen  The working life of immigrants in UK or in a foreign country  The fight of immigrants</queryText>
  <visualQueues>Hotel business and immigrants relaxing on the beach  Passing the driving test   Owning money whilst training unless passed </visualQueues>
</top>
<top>
  <itemId>item_5</itemId>
  <queryText>Space-Cowboys  Space Pirates  Pirates in Space talking music</queryText>
  <visualQueues>'Guisto Radio'  Space Cowboys singing music  Captain DJ taking calls and being foolish   </visualQueues>
</top>
<top>
  <itemId>item_6</itemId>
  <queryText>Reginald D Hunter have i got news for you Boris policies, batman joke</queryText>
  <visualQueues>have i got news for you reginald d hunter</visualQueues>
</top>
<top>
  <itemId>item_7</itemId>
  <queryText>Question of sport, jermaine defoe liam tancock, kevin doyle, del la cruz</queryText>
  <visualQueues>Question of sport, jermaine defoe liam tancock, kevin doyle, del la cruz</visualQueues>
</top>
<top>
  <itemId>item_8</itemId>
  <queryText>avram grant chelsea vs newcastle post match interview</queryText>
  <visualQueues>avram grant post match interview chelsea vs newcastle</visualQueues>
</top>
<top>
  <itemId>item_9</itemId>
  <queryText>animal park, kenya marathon , wildlife reserve</queryText>
  <visualQueues>animals, kenya wildlife reserve, marathon</visualQueues>
</top>
<top>
  <itemId>item_10</itemId>
  <queryText>new rules for qualified drivers statistics of injuries and casualties on the roads amongst young drivers</queryText>
  <visualQueues>statistics </visualQueues>
</top>
<top>
  <itemId>item_11</itemId>
  <queryText>A look at how the fa cup has evolved; final games at Wembley</queryText>
  <visualQueues>First ever FA cup final at new wembley, shows wembley itself, a lot of the fans for manchester united and chelsea, both managers and small pieces of action</visualQueues>
</top>
<top>
  <itemId>item_12</itemId>
  <queryText>arsene wenger match of the day interview, last game of 2007/2008 season.</queryText>
  <visualQueues>arsene wenger talking to the bbc in front of advertising boards.</visualQueues>
</top>
<top>
  <itemId>item_13</itemId>
  <queryText>question on eggheads about an attempted assasination on a european dicator in the 1920s</queryText>
  <visualQueues>multiple chose quiz question, filmed in a studio where 2 teams are competing against each other.</visualQueues>
</top>
<top>
  <itemId>item_14</itemId>
  <queryText>documentary comedians "chris moyles" "john culshaw"</queryText>
  <visualQueues>chris moyles, john culshaw,</visualQueues>
</top>
<top>
  <itemId>item_15</itemId>
  <queryText>FA cup final, old and current, comparison. History of football.</queryText>
  <visualQueues>Machester United, Aston Villa, FA Cup Final, 1957, 2007.</visualQueues>
</top>
<top>
  <itemId>item_16</itemId>
  <queryText>Medieival history of why castles were first built</queryText>
  <visualQueues>Castle</visualQueues>
</top>
<top>
  <itemId>item_17</itemId>
  <queryText>description for kids on how sheeps are sheared</queryText>
  <visualQueues>sheep, farmer</visualQueues>
</top>
<top>
  <itemId>item_18</itemId>
  <queryText>What does a ball look like when it hits the wall during Squash</queryText>
  <visualQueues>ball hitting a wall in slow motion</visualQueues>
</top>
<top>
  <itemId>item_19</itemId>
  <queryText>how much gas do cows produce</queryText>
  <visualQueues>cows at a farm</visualQueues>
</top>
<top>
  <itemId>item_20</itemId>
  <queryText>Shakespeare; Globe; Theatre; Alan Davies</queryText>
  <visualQueues>Alan Davies, Wooden O, Theatre stage, fire, new building, construction site, coming together, empty theatre, sitting on stage </visualQueues>
</top>
<top>
  <itemId>item_21</itemId>
  <queryText>Shakespeare: MacBeth; witches; King; drama; play</queryText>
  <visualQueues>Witches, opening screen, battle, horses, sword fight</visualQueues>
</top>
<top>
  <itemId>item_22</itemId>
  <queryText>Malvolio; Shakespeare; Twelfth Night;  Comedy; Michael Palin</queryText>
  <visualQueues>Michael Palin; Black and white, Victorian style, opening of Twelfth Night; Dialogue, sitting in living room, Victorian style, letter reading</visualQueues>
</top>
<top>
  <itemId>item_23</itemId>
  <queryText>top gear news, morgan, audi, kia, top cars of the world, jeremy clarkson, james may, richard hammond</queryText>
  <visualQueues>studio, james may, jeremy clarkson, richard hammond, morgan aero 8, morgan aero max, audio cross cabriolet, kia cee'd, ford mondeo</visualQueues>
</top>
<top>
  <itemId>item_24</itemId>
  <queryText>goals from cristiano ronaldo, penalty from cristiano ronaldo, manchester united go to top of the table, manchester united vs wigan athletic</queryText>
  <visualQueues>Wayne Rooney, Cristiano Ronaldo, old trafford stadium, footballers, football pitch</visualQueues>
</top>
<top>
  <itemId>item_25</itemId>
  <queryText>the weakest link, weakest link final, anne robinson, exciting gameshow</queryText>
  <visualQueues>blue studio, anne robinson, questions onscreen</visualQueues>
</top>
<top>
  <itemId>item_26</itemId>
  <queryText>Cannabis in the UK</queryText>
  <visualQueues>Cannabis on BBC News</visualQueues>
</top>
<top>
  <itemId>item_27</itemId>
  <queryText>Best players of all time; Embarassing England performances; Wake up call for English football; Wembley massacre;</queryText>
  <visualQueues>Poor camera quality; heavy looking football; unusual goal celebrations; unusual crowd reactions; dark; grey; overcast; black and white;</visualQueues>
</top>
<top>
  <itemId>item_28</itemId>
  <queryText>hard men; fighting; zulu; warrior; tough; arduous; endurement; hard;</queryText>
  <visualQueues>hot; sweaty; desert; thirsty; sticks; arduous; stamina; mental strength;</visualQueues>
</top>
<top>
  <itemId>item_29</itemId>
  <queryText>Frank sinatra; sinatra; Sinatra - from the top to the bottom; Cool frank sinatra</queryText>
  <visualQueues>classic; dated; different fashion; great voice; black and white; low definition</visualQueues>
</top>
<top>
  <itemId>item_30</itemId>
  <queryText>George Bush Nick Robinson; gag about bald head;</queryText>
  <visualQueues>politicians; newspaper wallpaper</visualQueues>
</top>
<top>
  <itemId>item_31</itemId>
  <queryText>rhinos and lions in kenya</queryText>
  <visualQueues>fields in africa lions wildlife</visualQueues>
</top>
<top>
  <itemId>item_32</itemId>
  <queryText>giant chinese salamander</queryText>
  <visualQueues>big lizard;china;lake</visualQueues>
</top>
<top>
  <itemId>item_33</itemId>
  <queryText>what to cook with everyday ingredients on a budget, denise van outen, john barrowman, ainsley harriot, seabass, asparagus,ostrich, mushrooms, sweet potato, mango, tomatoes   </queryText>
  <visualQueues>denise van outen, john barrowman, ainsley harriot, seabass, asparagus,ostrich, mushrooms, sweet potato, mango, tomatoes    </visualQueues>
</top>
<top>
  <itemId>item_34</itemId>
  <queryText>information about vultures</queryText>
  <visualQueues>vultures, flock, zoo, </visualQueues>
</top>
<top>
  <itemId>item_35</itemId>
  <queryText>how to become a page 3 model</queryText>
  <visualQueues>young girl in spinning class at fitness first</visualQueues>
</top>
<top>
  <itemId>item_36</itemId>
  <queryText>glamour modeling in london</queryText>
  <visualQueues>photography, photo shoots, models, new models, agents</visualQueues>
</top>
<top>
  <itemId>item_37</itemId>
  <queryText>world snooker championship final 2008</queryText>
  <visualQueues>snooker, ronnie o'sullivan, ali carter, john parrot, willy thorne</visualQueues>
</top>
<top>
  <itemId>item_38</itemId>
  <queryText>little britain comedy sketch prime minister moustache</queryText>
  <visualQueues>prime minister moustache</visualQueues>
</top>
<top>
  <itemId>item_39</itemId>
  <queryText>changes to small business postal service</queryText>
  <visualQueues>postman, mail delivery</visualQueues>
</top>
<top>
  <itemId>item_40</itemId>
  <queryText>Odd cars, Fake MacLaren,  </queryText>
  <visualQueues>Jeremy Clarkson, Richard Hammond, James May, Ferrari 430 Scuderia</visualQueues>
</top>
<top>
  <itemId>item_41</itemId>
  <queryText>saracens rugby win interview Richard Hill</queryText>
  <visualQueues>rugby; sport; fans; pitch; people</visualQueues>
</top>
<top>
  <itemId>item_42</itemId>
  <queryText>teenage kill a teenager</queryText>
  <visualQueues>parents speak about teenager killers who killed son</visualQueues>
</top>
<top>
  <itemId>item_43</itemId>
  <queryText>bin laden interview about attack</queryText>
  <visualQueues>bin laden interview about attack</visualQueues>
</top>
<top>
  <itemId>item_44</itemId>
  <queryText>Easy to make Indian food</queryText>
  <visualQueues>coffee machine, chicken wrap, spinach, paneer, eating, indian, </visualQueues>
</top>
<top>
  <itemId>item_45</itemId>
  <queryText>documentary on cornish seals </queryText>
  <visualQueues>ocean, cliffs, seal, kayaking</visualQueues>
</top>
<top>
  <itemId>item_46</itemId>
  <queryText>giggs, man utd vs wig, scores MR: breaking the record of sir bobby Charles</queryText>
  <visualQueues>the football kit of man utd, match of the day logo, studio, grass, sir bobby charlton, man utd kit sponsor AIG, emil heskey's only chance.</visualQueues>
</top>
<top>
  <itemId>item_47</itemId>
  <queryText>flog it, clariss cliff bizarre valuation</queryText>
  <visualQueues>flog it logo hammer goes down, clariss cliff valuation, presenter evaluates antiques too, Britannia ship, guild hall building, different experts look so characterful in apperance- funky and quirky</visualQueues>
</top>
<top>
  <itemId>item_48</itemId>
  <queryText>what effects does cannabis have?</queryText>
  <visualQueues>cafe, smoking, weed</visualQueues>
</top>
<top>
  <itemId>item_49</itemId>
  <queryText>What foods are good to cook with?</queryText>
  <visualQueues>the chiefs, fields, scenery</visualQueues>
</top>
<top>
  <itemId>item_50</itemId>
  <queryText>Editors gig drunk behaviour of James Conrdon</queryText>
  <visualQueues>Stage, chat room, James Cordon, band</visualQueues>
</top>
</topics>
